<?xml version="1.0" encoding="UTF-8"?>
<!-- Generated by org.testng.reporters.JUnitXMLReporter -->
<testsuite hostname="TechCirle2sMini" ignored="0" name="Default test" tests="4" failures="0" timestamp="2022-05-26T19:49:34 EDT" time="11.054" errors="0">
  <testcase name="loginWithValidCredentials_Standard" time="2.761" classname="SeleniumDay12_13.loginTestCases"/>
  <testcase name="loginWithValidCredentials_lockoutUser" time="0.535" classname="SeleniumDay12_13.loginTestCases"/>
  <testcase name="loginWithValidCredentials_performanceGlitchUser" time="5.494" classname="SeleniumDay12_13.loginTestCases"/>
  <testcase name="loginWithValidCredentials_problemUser" time="0.156" classname="SeleniumDay12_13.loginTestCases"/>
</testsuite> <!-- Default test -->
