<?xml version="1.0" encoding="UTF-8"?>
<!-- Generated by org.testng.reporters.JUnitXMLReporter -->
<testsuite hostname="TechCirle2sMini" ignored="0" name="Default test" tests="6" failures="0" timestamp="2022-05-18T21:39:52 EDT" time="6.529" errors="0">
  <testcase name="a" time="0.012" classname="SeleniumDay9.GroupingTest"/>
  <testcase name="b" time="0.003" classname="SeleniumDay9.GroupingTest"/>
  <testcase name="c" time="0.002" classname="SeleniumDay9.GroupingTest"/>
  <testcase name="d" time="0.002" classname="SeleniumDay9.GroupingTest"/>
  <testcase name="e" time="0.004" classname="SeleniumDay9.GroupingTest"/>
  <testcase name="f" time="0.004" classname="SeleniumDay9.GroupingTest"/>
</testsuite> <!-- Default test -->
