<?xml version="1.0" encoding="UTF-8"?>
<!-- Generated by org.testng.reporters.JUnitXMLReporter -->
<testsuite ignored="4" hostname="LAPTOP-LHIOLAI0" failures="0" tests="1" name="Default test" time="17.016" errors="0" timestamp="2022-06-02T14:32:34 EDT">
  <testcase classname="maria.MyAccountTestRunner.MyAccountTests" name="My6AccountAddressFunc2" time="16.812"/>
  <testcase classname="maria.MyAccountTestRunner.MyAccountTests" name="My5AccountAddressFunc1" time="0.0">
    <ignored/>
  </testcase> <!-- My5AccountAddressFunc1 -->
  <testcase classname="maria.MyAccountTestRunner.MyAccountTests" name="My8accountlogout" time="0.0">
    <ignored/>
  </testcase> <!-- My8accountlogout -->
  <testcase classname="maria.MyAccountTestRunner.MyAccountTests" name="My1AccountDashBoard" time="0.0">
    <ignored/>
  </testcase> <!-- My1AccountDashBoard -->
  <testcase classname="maria.MyAccountTestRunner.MyAccountTests" name="My7accountDetails" time="0.0">
    <ignored/>
  </testcase> <!-- My7accountDetails -->
</testsuite> <!-- Default test -->
