<?xml version="1.0" encoding="UTF-8"?>
<!-- Generated by org.testng.reporters.JUnitXMLReporter -->
<testsuite hostname="TechCirle2sMini" ignored="0" name="Default test" tests="4" failures="0" timestamp="2022-05-21T12:57:38 EDT" time="8.472" errors="0">
  <testcase name="Test4" time="0.013" classname="SaturdayPractice.groupingReview"/>
  <testcase name="Test3" time="0.002" classname="SaturdayPractice.groupingReview"/>
  <testcase name="Test2" time="0.003" classname="SaturdayPractice.groupingReview"/>
  <testcase name="Test" time="0.007" classname="SaturdayPractice.groupingReview"/>
</testsuite> <!-- Default test -->
