<?xml version="1.0" encoding="UTF-8"?>
<!-- Generated by org.testng.reporters.JUnitXMLReporter -->
<testsuite ignored="0" hostname="TechCirle2sMini" failures="0" tests="4" name="Default test" time="14.905" errors="0" timestamp="2022-06-07T19:32:45 EDT">
  <testcase classname="SeleniumDay12_13.loginTestCases" name="loginWithValidCredentials_Standard" time="3.918"/>
  <testcase classname="SeleniumDay12_13.loginTestCases" name="loginWithValidCredentials_lockoutUser" time="0.641"/>
  <testcase classname="SeleniumDay12_13.loginTestCases" name="loginWithValidCredentials_performanceGlitchUser" time="5.522"/>
  <testcase classname="SeleniumDay12_13.loginTestCases" name="loginWithValidCredentials_problemUser" time="0.153"/>
</testsuite> <!-- Default test -->
