<?xml version="1.0" encoding="UTF-8"?>
<!-- Generated by org.testng.reporters.JUnitXMLReporter -->
<testsuite ignored="0" hostname="Suwimons-MBP" failures="0" tests="13" name="Default test" time="50.054" errors="0" timestamp="2022-06-01T01:24:47 EDT">
  <testcase classname="Ratthanon51TestCases.AccoutTestCase" name="LoginValidUserPassword" time="5.91"/>
  <testcase classname="Ratthanon51TestCases.AccoutTestCase" name="VerifyLogin" time="2.676"/>
  <testcase classname="Ratthanon51TestCases.AccoutTestCase" name="VerifyLogin" time="2.268"/>
  <testcase classname="Ratthanon51TestCases.AccoutTestCase" name="VerifyLogin" time="2.002"/>
  <testcase classname="Ratthanon51TestCases.AccoutTestCase" name="VerifyLogin" time="2.043"/>
  <testcase classname="Ratthanon51TestCases.AccoutTestCase" name="MaskedPassword" time="1.12"/>
  <testcase classname="Ratthanon51TestCases.AccoutTestCase" name="LoginCaseSensitive" time="1.968"/>
  <testcase classname="Ratthanon51TestCases.AccoutTestCase" name="LoginAuthentication" time="4.049"/>
  <testcase classname="Ratthanon51TestCases.AccoutTestCase" name="RegisterValidInfo" time="5.12"/>
  <testcase classname="Ratthanon51TestCases.AccoutTestCase" name="RegisterinValidEmail" time="5.715"/>
  <testcase classname="Ratthanon51TestCases.AccoutTestCase" name="RegisterWithemptyEmail" time="5.676"/>
  <testcase classname="Ratthanon51TestCases.AccoutTestCase" name="RegisterWithEmptypassword" time="5.645"/>
  <testcase classname="Ratthanon51TestCases.AccoutTestCase" name="RegisterWithEmptyemailpassword" time="5.702"/>
</testsuite> <!-- Default test -->
