<?xml version="1.0" encoding="UTF-8"?>
<!-- Generated by org.testng.reporters.JUnitXMLReporter -->
<testsuite hostname="TechCirle2sMini" ignored="1" name="groupingTest" tests="3" failures="0" timestamp="2022-05-21T13:05:01 EDT" time="6.788" errors="0">
  <testcase name="Test3" time="0.017" classname="SaturdayPractice.groupingReview"/>
  <testcase name="Test2" time="0.002" classname="SaturdayPractice.groupingReview"/>
  <testcase name="Test" time="0.015" classname="SaturdayPractice.groupingReview"/>
  <testcase name="Test4" time="0.0" classname="SaturdayPractice.groupingReview">
    <ignored/>
  </testcase> <!-- Test4 -->
</testsuite> <!-- groupingTest -->
