<?xml version="1.0" encoding="UTF-8"?>
<!-- Generated by org.testng.reporters.JUnitXMLReporter -->
<testsuite hostname="TechCirle2sMini" ignored="11" name="SmokeTest" tests="1" failures="0" timestamp="2022-05-18T21:44:45 EDT" time="0.073" errors="0">
  <testcase name="b" time="0.017" classname="SeleniumDay9.GroupingTest"/>
  <testcase name="a" time="0.0" classname="SeleniumDay9.GroupingTest">
    <ignored/>
  </testcase> <!-- a -->
  <testcase name="f" time="0.0" classname="SeleniumDay9.NewTest">
    <ignored/>
  </testcase> <!-- f -->
  <testcase name="C" time="0.0" classname="SeleniumDay9.testPriorityInTestNG">
    <ignored/>
  </testcase> <!-- C -->
  <testcase name="c" time="0.0" classname="SeleniumDay9.NewTest">
    <ignored/>
  </testcase> <!-- c -->
  <testcase name="B" time="0.0" classname="SeleniumDay9.testPriorityInTestNG">
    <ignored/>
  </testcase> <!-- B -->
  <testcase name="A" time="0.0" classname="SeleniumDay9.testPriorityInTestNG">
    <ignored/>
  </testcase> <!-- A -->
  <testcase name="e" time="0.0" classname="SeleniumDay9.GroupingTest">
    <ignored/>
  </testcase> <!-- e -->
  <testcase name="f" time="0.0" classname="SeleniumDay9.GroupingTest">
    <ignored/>
  </testcase> <!-- f -->
  <testcase name="Test" time="0.0" classname="SeleniumDay9.OpenBrowser">
    <ignored/>
  </testcase> <!-- Test -->
  <testcase name="c" time="0.0" classname="SeleniumDay9.GroupingTest">
    <ignored/>
  </testcase> <!-- c -->
  <testcase name="d" time="0.0" classname="SeleniumDay9.GroupingTest">
    <ignored/>
  </testcase> <!-- d -->
</testsuite> <!-- SmokeTest -->
