<?xml version="1.0" encoding="UTF-8"?>
<!-- Generated by org.testng.reporters.JUnitXMLReporter -->
<testsuite ignored="11" hostname="TechCirle2sMini" failures="0" tests="1" name="SmokeTest" time="0.069" errors="0" timestamp="2022-07-05T20:20:02 EDT">
  <testcase classname="SeleniumDay9.GroupingTest" name="b" time="0.013"/>
  <testcase classname="SeleniumDay9.NewTest" name="c" time="0.0">
    <ignored/>
  </testcase> <!-- c -->
  <testcase classname="SeleniumDay9.NewTest" name="f" time="0.0">
    <ignored/>
  </testcase> <!-- f -->
  <testcase classname="SeleniumDay9.GroupingTest" name="a" time="0.0">
    <ignored/>
  </testcase> <!-- a -->
  <testcase classname="SeleniumDay9.GroupingTest" name="c" time="0.0">
    <ignored/>
  </testcase> <!-- c -->
  <testcase classname="SeleniumDay9.testPriorityInTestNG" name="A" time="0.0">
    <ignored/>
  </testcase> <!-- A -->
  <testcase classname="SeleniumDay9.GroupingTest" name="d" time="0.0">
    <ignored/>
  </testcase> <!-- d -->
  <testcase classname="SeleniumDay9.testPriorityInTestNG" name="B" time="0.0">
    <ignored/>
  </testcase> <!-- B -->
  <testcase classname="SeleniumDay9.GroupingTest" name="e" time="0.0">
    <ignored/>
  </testcase> <!-- e -->
  <testcase classname="SeleniumDay9.testPriorityInTestNG" name="C" time="0.0">
    <ignored/>
  </testcase> <!-- C -->
  <testcase classname="SeleniumDay9.OpenBrowser" name="Test" time="0.0">
    <ignored/>
  </testcase> <!-- Test -->
  <testcase classname="SeleniumDay9.GroupingTest" name="f" time="0.0">
    <ignored/>
  </testcase> <!-- f -->
</testsuite> <!-- SmokeTest -->
