<?xml version="1.0" encoding="UTF-8"?>
<!-- Generated by org.testng.reporters.JUnitXMLReporter -->
<testsuite ignored="0" hostname="TechCirle2sMini" failures="0" tests="6" name="Test" time="0.114" errors="0" timestamp="2022-07-05T20:21:03 EDT">
  <testcase classname="SeleniumDay9.OpenBrowser" name="@BeforeMethod beforeMethod" time="0.012">
    <failure type="java.lang.NullPointerException">
      <![CDATA[java.lang.NullPointerException
at Utilities.Driver.getDriver(Driver.java:47)
at SeleniumDay9.OpenBrowser.beforeMethod(OpenBrowser.java:29)
at java.base/java.util.ArrayList.forEach(ArrayList.java:1541)
... Removed 31 stack frames]]>
    </failure>
  </testcase> <!-- @BeforeMethod beforeMethod -->
  <testcase classname="SeleniumDay9.OpenBrowser" name="@AfterMethod afterMethod" time="0.0">
    <skipped/>
  </testcase> <!-- @AfterMethod afterMethod -->
  <testcase classname="SeleniumDay9.testPriorityInTestNG" name="B" time="0.009"/>
  <testcase classname="SeleniumDay9.testPriorityInTestNG" name="C" time="0.001"/>
  <testcase classname="SeleniumDay9.testPriorityInTestNG" name="A" time="0.0"/>
  <testcase classname="SeleniumDay9.OpenBrowser" name="Test" time="0.0">
    <skipped/>
  </testcase> <!-- Test -->
  <testcase classname="SeleniumDay9.NewTest" name="c" time="0.003"/>
  <testcase classname="SeleniumDay9.NewTest" name="f" time="0.003"/>
</testsuite> <!-- Test -->
