<?xml version="1.0" encoding="UTF-8"?>
<testng-results ignored="0" total="2" passed="2" failed="0" skipped="0">
  <reporter-output>
  </reporter-output>
  <suite started-at="2022-06-01T00:00:47 EDT" name="Default suite" finished-at="2022-06-01T00:01:12 EDT" duration-ms="24747">
    <groups>
    </groups>
    <test started-at="2022-06-01T00:00:47 EDT" name="Default test" finished-at="2022-06-01T00:01:12 EDT" duration-ms="24747">
      <class name="Ratthanon51TestCases.HomePageTestcase">
        <test-method is-config="true" signature="beforeClass()[pri:0, instance:Ratthanon51TestCases.HomePageTestcase@5173200b]" started-at="2022-06-01T00:00:47 EDT" name="beforeClass" finished-at="2022-06-01T00:00:51 EDT" duration-ms="3745" status="PASS">
          <reporter-output>
          </reporter-output>
        </test-method> <!-- beforeClass -->
        <test-method signature="clickableImage()[pri:3, instance:Ratthanon51TestCases.HomePageTestcase@5173200b]" started-at="2022-06-01T00:00:51 EDT" name="clickableImage" finished-at="2022-06-01T00:00:59 EDT" duration-ms="7883" status="PASS">
          <reporter-output>
          </reporter-output>
        </test-method> <!-- clickableImage -->
        <test-method is-config="true" signature="beforeClass()[pri:0, instance:Ratthanon51TestCases.HomePageTestcase@5173200b]" started-at="2022-06-01T00:00:59 EDT" name="beforeClass" finished-at="2022-06-01T00:01:02 EDT" duration-ms="3321" status="PASS">
          <reporter-output>
          </reporter-output>
        </test-method> <!-- beforeClass -->
        <test-method signature="ArrivalDescription()[pri:4, instance:Ratthanon51TestCases.HomePageTestcase@5173200b]" started-at="2022-06-01T00:01:02 EDT" name="ArrivalDescription" finished-at="2022-06-01T00:01:12 EDT" duration-ms="9588" status="PASS">
          <reporter-output>
          </reporter-output>
        </test-method> <!-- ArrivalDescription -->
        <test-method is-config="true" signature="afterClass()[pri:0, instance:Ratthanon51TestCases.HomePageTestcase@5173200b]" started-at="2022-06-01T00:01:12 EDT" name="afterClass" finished-at="2022-06-01T00:01:12 EDT" duration-ms="181" status="PASS">
          <reporter-output>
          </reporter-output>
        </test-method> <!-- afterClass -->
      </class> <!-- Ratthanon51TestCases.HomePageTestcase -->
    </test> <!-- Default test -->
  </suite> <!-- Default suite -->
</testng-results>
